Arguments: 
  /home/pedro/.asdf/installs/nodejs/14.17.1/bin/node /home/pedro/.asdf/installs/yarn/1.22.10/bin/yarn.js init

PATH: 
  /home/pedro/.asdf/installs/nodejs/14.17.1/.npm/bin:/home/pedro/.asdf/installs/nodejs/14.17.1/bin:/home/pedro/.asdf/installs/yarn/1.22.10/bin:/home/pedro/anaconda3/condabin:/home/pedro/.zinit/polaris/bin:/home/pedro/.asdf/shims:/home/pedro/.asdf/bin:/home/pedro/.local/bin:/usr/local/sbin:/usr/local/bin:/usr/sbin:/usr/bin:/sbin:/bin:/usr/games:/usr/local/games:/snap/bin:/home/pedro/intelFPGA/20.1/quartus/bin:/opt/altera/19.1/quartus/bin:/opt/altera/19.1/modelsim_ase/linuxaloem:/home/pedro/intelFPGA/20.1/quartus/bin

Yarn version: 
  1.22.10

Node version: 
  14.17.1

Platform: 
  linux x64

Trace: 
  Error: canceled
      at Interface.<anonymous> (/home/pedro/.asdf/installs/yarn/1.22.10/lib/cli.js:137009:13)
      at Interface.emit (events.js:375:28)
      at Interface._ttyWrite (readline.js:910:16)
      at ReadStream.onkeypress (readline.js:235:10)
      at ReadStream.emit (events.js:375:28)
      at emitKeys (internal/readline/utils.js:358:14)
      at emitKeys.next (<anonymous>)
      at ReadStream.onData (readline.js:1179:36)
      at ReadStream.emit (events.js:375:28)
      at addChunk (internal/streams/readable.js:290:12)

npm manifest: 
  No manifest

yarn manifest: 
  No manifest

Lockfile: 
  No lockfile
